<?xml version="1.0" encoding="UTF-8"?>
<!-- Generated by org.testng.reporters.JUnitReportReporter -->
<testsuite hostname="DESKTOP-POSUB6C" failures="0" tests="1" name="Browser_Setup.Browser_Config" time="3.457" errors="0" timestamp="25 Jan 2023 12:24:09 GMT">
  <testcase classname="Browser_Setup.Browser_Config" name="move_to_saucedemo_login_page" time="3.457"/>
</testsuite> <!-- Browser_Setup.Browser_Config -->
