<?xml version="1.0" encoding="UTF-8"?>
<!-- Generated by org.testng.reporters.JUnitReportReporter -->
<testsuite hostname="DESKTOP-POSUB6C" failures="0" tests="1" name="Runner.TestRunner" time="11.842" errors="0" timestamp="13 Feb 2023 04:20:59 GMT">
  <testcase classname="Runner.TestRunner" name="runScenario" time="11.842"/>
</testsuite> <!-- Runner.TestRunner -->
